Arguments: 
  /usr/local/Cellar/node@6/6.14.1/bin/node /usr/local/Cellar/yarn/1.9.4/libexec/bin/yarn.js install --mutex network:42424 --non-interactive

PATH: 
  /Users/wolfe/Sites/lerna-webpack-typescript/packages/boopler/node_modules/.bin:/Users/wolfe/Sites/lerna-webpack-typescript/packages/node_modules/.bin:/Users/wolfe/Sites/lerna-webpack-typescript/node_modules/.bin:/Users/wolfe/Sites/node_modules/.bin:/Users/wolfe/node_modules/.bin:/Users/node_modules/.bin:/node_modules/.bin:/usr/local/Cellar/node@6/6.14.1/bin:/Users/wolfe/Sites/lerna-webpack-typescript/node_modules/.bin:/Users/wolfe/.config/yarn/link/node_modules/.bin:/Users/wolfe/Sites/lerna-webpack-typescript/node_modules/.bin:/Users/wolfe/.config/yarn/link/node_modules/.bin:/usr/local/Cellar/node@6/6.14.1/libexec/lib/node_modules/npm/bin/node-gyp-bin:/usr/local/Cellar/node@6/6.14.1/lib/node_modules/npm/bin/node-gyp-bin:/usr/local/Cellar/node@6/6.14.1/bin/node_modules/npm/bin/node-gyp-bin:/usr/local/Cellar/node@6/6.14.1/bin:/Users/wolfe/.rvm/gems/ruby-2.1.2/bin:/Users/wolfe/.rvm/gems/ruby-2.1.2@global/bin:/Users/wolfe/.rvm/rubies/ruby-2.1.2/bin:/usr/local/opt/node@6/bin:/usr/local/bin:/usr/local/sbin:/usr/local/bin:/usr/bin:/bin:/usr/sbin:/sbin::/Users/wolfe/.rvm/bin

Yarn version: 
  1.9.4

Node version: 
  6.14.1

Platform: 
  darwin x64

Trace: 
  Error: https://registry.yarnpkg.com/woopler: Not found
      at Request.params.callback [as _callback] (/usr/local/Cellar/yarn/1.9.4/libexec/lib/cli.js:64202:18)
      at Request.self.callback (/usr/local/Cellar/yarn/1.9.4/libexec/lib/cli.js:137468:22)
      at emitTwo (events.js:106:13)
      at Request.emit (events.js:191:7)
      at Request.<anonymous> (/usr/local/Cellar/yarn/1.9.4/libexec/lib/cli.js:138440:10)
      at emitOne (events.js:96:13)
      at Request.emit (events.js:188:7)
      at IncomingMessage.<anonymous> (/usr/local/Cellar/yarn/1.9.4/libexec/lib/cli.js:138362:12)
      at IncomingMessage.g (events.js:292:16)
      at emitNone (events.js:91:20)

npm manifest: 
  {
  	"name": "@lerna-webpack-typescript/boopler",
  	"version": "0.0.1",
  	"description": "Uses jquery to boop in console on DOMContentLoaded",
  	"main": "index.ts",
  	"author": "ru-web-designer",
  	"license": "UNLICENSED",
  	"private": true,
  	"dependencies": {
  		"@types/jquery": "^3.3.6",
  		"jquery": "^3.3.1",
  		"typescript": "^3.0.3",
  		"woopler": "^0.0.1"
  	}
  }

yarn manifest: 
  No manifest

Lockfile: 
  # THIS IS AN AUTOGENERATED FILE. DO NOT EDIT THIS FILE DIRECTLY.
  # yarn lockfile v1
  
  
  "@types/jquery@^3.3.6":
    version "3.3.6"
    resolved "https://registry.yarnpkg.com/@types/jquery/-/jquery-3.3.6.tgz#5932ead926307ca21e5b36808257f7c926b06565"
  
  jquery@^3.3.1:
    version "3.3.1"
    resolved "https://registry.yarnpkg.com/jquery/-/jquery-3.3.1.tgz#958ce29e81c9790f31be7792df5d4d95fc57fbca"
  
  typescript@^3.0.3:
    version "3.0.3"
    resolved "https://registry.yarnpkg.com/typescript/-/typescript-3.0.3.tgz#4853b3e275ecdaa27f78fda46dc273a7eb7fc1c8"
